<?xml version="1.0" encoding="UTF-8"?>
<!-- Generated by org.testng.reporters.JUnitReportReporter -->
<testsuite skipped="0" hostname="Lenovo" name="com.Amazon.Testcases.SearchBookTest" tests="1" failures="0" timestamp="05 Aug 2018 10:13:26 GMT" time="20.435" errors="0">
  <testcase name="searchgivenbookTest" time="20.435" classname="com.Amazon.Testcases.SearchBookTest"/>
</testsuite> <!-- com.Amazon.Testcases.SearchBookTest -->
