<?xml version="1.0" encoding="UTF-8"?>
<!-- Generated by org.testng.reporters.JUnitReportReporter -->
<testsuite skipped="0" hostname="PC338391" name="RestAssured.RestAssured_Practice" tests="1" failures="0" timestamp="24 Jul 2018 08:18:41 GMT" time="3.669" errors="0">
  <testcase name="rest" time="3.669" classname="RestAssured.RestAssured_Practice"/>
</testsuite> <!-- RestAssured.RestAssured_Practice -->
