<?xml version="1.0" encoding="UTF-8"?>
<!-- Generated by org.testng.reporters.JUnitReportReporter -->
<testsuite skipped="0" hostname="PC338391" name="RestAssured.WebBase" tests="1" failures="0" timestamp="01 Aug 2018 06:47:30 GMT" time="81.225" errors="0">
  <testcase name="selectDataCatalog" time="81.225" classname="RestAssured.WebBase"/>
</testsuite> <!-- RestAssured.WebBase -->
