<?xml version="1.0" encoding="UTF-8"?>
<!-- Generated by org.testng.reporters.JUnitReportReporter -->
<testsuite skipped="0" hostname="Lenovo" name="com.Amazon.Testcases.SearchBookTest" tests="1" failures="0" timestamp="05 Aug 2018 16:45:47 GMT" time="13.493" errors="0">
  <testcase name="searchgivenbookTest" time="13.493" classname="com.Amazon.Testcases.SearchBookTest"/>
</testsuite> <!-- com.Amazon.Testcases.SearchBookTest -->
