<?xml version="1.0" encoding="UTF-8"?>
<!-- Generated by org.testng.reporters.JUnitReportReporter -->
<testsuite skipped="0" hostname="Lenovo" name="com.Amazon.Testcases.SearchBookTest" tests="1" failures="0" timestamp="04 Aug 2018 09:13:16 GMT" time="15.528" errors="0">
  <testcase name="searchgivenbookTest" time="15.528" classname="com.Amazon.Testcases.SearchBookTest"/>
</testsuite> <!-- com.Amazon.Testcases.SearchBookTest -->
