<?xml version="1.0" encoding="UTF-8"?>
<!-- Generated by org.testng.reporters.JUnitReportReporter -->
<testsuite skipped="0" hostname="PC338391" name="com.Amazon.Testcases.SearchBook" tests="1" failures="0" timestamp="03 Aug 2018 14:36:12 GMT" time="79.608" errors="0">
  <testcase name="searchgivenbookTest" time="79.608" classname="com.Amazon.Testcases.SearchBook"/>
</testsuite> <!-- com.Amazon.Testcases.SearchBook -->
